<?xml version="1.0" encoding="UTF-8" standalone="no"?>
<!DOCTYPE log SYSTEM "logger.dtd">
<log>
<record>
  <date>2022-07-14T14:49:04</date>
  <millis>1657784944118</millis>
  <sequence>0</sequence>
  <level>START</level>
  <class>com.kms.katalon.core.logging.XmlKeywordLogger</class>
  <method>startSuite</method>
  <thread>1</thread>
  <message>Start Test Suite : Test Suites/CFP-feedback</message>
  <nestedLevel>0</nestedLevel>
  <escapedJava>false</escapedJava>
  <property name="rerunTestFailImmediately">true</property>
  <property name="retryCount">0</property>
  <property name="name">CFP-feedback</property>
  <property name="description"></property>
  <property name="id">Test Suites/CFP-feedback</property>
</record>
<record>
  <date>2022-07-14T14:49:04</date>
  <millis>1657784944148</millis>
  <sequence>1</sequence>
  <level>RUN_DATA</level>
  <class>com.kms.katalon.core.logging.XmlKeywordLogger</class>
  <method>logMessage</method>
  <thread>1</thread>
  <message>hostName = User - DESKTOP-7I3I0GG.mshome.net</message>
  <nestedLevel>0</nestedLevel>
  <escapedJava>false</escapedJava>
  <property name="hostName">User - DESKTOP-7I3I0GG.mshome.net</property>
</record>
<record>
  <date>2022-07-14T14:49:04</date>
  <millis>1657784944149</millis>
  <sequence>2</sequence>
  <level>RUN_DATA</level>
  <class>com.kms.katalon.core.logging.XmlKeywordLogger</class>
  <method>logMessage</method>
  <thread>1</thread>
  <message>os = Windows 10 64bit</message>
  <nestedLevel>0</nestedLevel>
  <escapedJava>false</escapedJava>
  <property name="os">Windows 10 64bit</property>
</record>
<record>
  <date>2022-07-14T14:49:04</date>
  <millis>1657784944150</millis>
  <sequence>3</sequence>
  <level>RUN_DATA</level>
  <class>com.kms.katalon.core.logging.XmlKeywordLogger</class>
  <method>logMessage</method>
  <thread>1</thread>
  <message>hostAddress = 192.168.137.217</message>
  <nestedLevel>0</nestedLevel>
  <escapedJava>false</escapedJava>
  <property name="hostAddress">192.168.137.217</property>
</record>
<record>
  <date>2022-07-14T14:49:04</date>
  <millis>1657784944151</millis>
  <sequence>4</sequence>
  <level>RUN_DATA</level>
  <class>com.kms.katalon.core.logging.XmlKeywordLogger</class>
  <method>logMessage</method>
  <thread>1</thread>
  <message>katalonVersion = 8.1.0.208</message>
  <nestedLevel>0</nestedLevel>
  <escapedJava>false</escapedJava>
  <property name="katalonVersion">8.1.0.208</property>
</record>
<record>
  <date>2022-07-14T14:49:05</date>
  <millis>1657784945176</millis>
  <sequence>5</sequence>
  <level>START</level>
  <class>com.kms.katalon.core.logging.XmlKeywordLogger</class>
  <method>startTest</method>
  <thread>1</thread>
  <message>Start Test Case : Test Cases/CFP/2. other-ins_feedback CFP</message>
  <nestedLevel>1</nestedLevel>
  <escapedJava>false</escapedJava>
  <property name="remainingRetryCount">0</property>
  <property name="name">Test Cases/CFP/2. other-ins_feedback CFP</property>
  <property name="description"></property>
  <property name="id">Test Cases/CFP/2. other-ins_feedback CFP</property>
  <property name="source">C:\Users\User\Katalon Studio\other-ins\Test Cases\CFP\2. other-ins_feedback CFP.tc</property>
  <property name="tag"></property>
  <property name="isOptional">false</property>
  <property name="currentRetryCount">0</property>
</record>
<record>
  <date>2022-07-14T14:49:05</date>
  <millis>1657784945274</millis>
  <sequence>7</sequence>
  <level>INFO</level>
  <class>com.kms.katalon.core.logging.XmlKeywordLogger</class>
  <method>logMessage</method>
  <thread>1</thread>
  <message>(Default) jenis = CFP</message>
  <nestedLevel>1</nestedLevel>
  <escapedJava>false</escapedJava>
</record>
<record>
  <date>2022-07-14T14:49:05</date>
  <millis>1657784945276</millis>
  <sequence>8</sequence>
  <level>INFO</level>
  <class>com.kms.katalon.core.logging.XmlKeywordLogger</class>
  <method>logMessage</method>
  <thread>1</thread>
  <message>id = mcl25</message>
  <nestedLevel>1</nestedLevel>
  <escapedJava>false</escapedJava>
</record>
<record>
  <date>2022-07-14T14:49:05</date>
  <millis>1657784945276</millis>
  <sequence>9</sequence>
  <level>INFO</level>
  <class>com.kms.katalon.core.logging.XmlKeywordLogger</class>
  <method>logMessage</method>
  <thread>1</thread>
  <message>accno = 9490712653001</message>
  <nestedLevel>1</nestedLevel>
  <escapedJava>false</escapedJava>
</record>
<record>
  <date>2022-07-14T14:49:05</date>
  <millis>1657784945277</millis>
  <sequence>10</sequence>
  <level>INFO</level>
  <class>com.kms.katalon.core.logging.XmlKeywordLogger</class>
  <method>logMessage</method>
  <thread>1</thread>
  <message>noimei = LAT-1</message>
  <nestedLevel>1</nestedLevel>
  <escapedJava>false</escapedJava>
</record>
<record>
  <date>2022-07-14T14:49:05</date>
  <millis>1657784945278</millis>
  <sequence>11</sequence>
  <level>INFO</level>
  <class>com.kms.katalon.core.logging.XmlKeywordLogger</class>
  <method>logMessage</method>
  <thread>1</thread>
  <message>nogsm = 0811145003</message>
  <nestedLevel>1</nestedLevel>
  <escapedJava>false</escapedJava>
</record>
<record>
  <date>2022-07-14T14:49:05</date>
  <millis>1657784945279</millis>
  <sequence>12</sequence>
  <level>INFO</level>
  <class>com.kms.katalon.core.logging.XmlKeywordLogger</class>
  <method>logMessage</method>
  <thread>1</thread>
  <message>no = 1</message>
  <nestedLevel>1</nestedLevel>
  <escapedJava>false</escapedJava>
</record>
<record>
  <date>2022-07-14T14:49:05</date>
  <millis>1657784945280</millis>
  <sequence>13</sequence>
  <level>INFO</level>
  <class>com.kms.katalon.core.logging.XmlKeywordLogger</class>
  <method>logMessage</method>
  <thread>1</thread>
  <message>norangka = xxxx</message>
  <nestedLevel>1</nestedLevel>
  <escapedJava>false</escapedJava>
</record>
<record>
  <date>2022-07-14T14:49:07</date>
  <millis>1657784947017</millis>
  <sequence>14</sequence>
  <level>START</level>
  <class>com.kms.katalon.core.logging.XmlKeywordLogger</class>
  <method>startKeyword</method>
  <thread>1</thread>
  <message>Start action : token = sendRequest(findTestObject(&amp;quot;CFP/credential CFP&amp;quot;))</message>
  <nestedLevel>1</nestedLevel>
  <escapedJava>false</escapedJava>
  <property name="startLine">21</property>
  <property name="stepIndex">1</property>
</record>
<record>
  <date>2022-07-14T14:49:20</date>
  <millis>1657784960913</millis>
  <sequence>20</sequence>
  <level>FAILED</level>
  <class>com.kms.katalon.core.logging.XmlKeywordLogger</class>
  <method>logMessage</method>
  <thread>1</thread>
  <message>Unable to send request (Root cause: com.kms.katalon.core.webservice.exception.SendRequestException: java.net.UnknownHostException: api-dev.bcaf.id
	at com.kms.katalon.core.webservice.common.HttpUtil.sendRequest(HttpUtil.java:154)
	at com.kms.katalon.core.webservice.common.BasicRequestor.send(BasicRequestor.java:58)
	at com.kms.katalon.core.webservice.helper.WebServiceCommonHelper.sendRequest(WebServiceCommonHelper.java:28)
	at com.kms.katalon.core.webservice.keyword.builtin.SendRequestKeyword$_sendRequest_closure1.doCall(SendRequestKeyword.groovy:42)
	at com.kms.katalon.core.webservice.keyword.builtin.SendRequestKeyword$_sendRequest_closure1.call(SendRequestKeyword.groovy)
	at com.kms.katalon.core.keyword.internal.KeywordMain.runKeyword(KeywordMain.groovy:74)
	at com.kms.katalon.core.webservice.keyword.builtin.SendRequestKeyword.sendRequest(SendRequestKeyword.groovy:38)
	at com.kms.katalon.core.webservice.keyword.builtin.SendRequestKeyword.execute(SendRequestKeyword.groovy:33)
	at com.kms.katalon.core.keyword.internal.KeywordExecutor.executeKeywordForPlatform(KeywordExecutor.groovy:74)
	at com.kms.katalon.core.webservice.keyword.WSBuiltInKeywords.sendRequest(WSBuiltInKeywords.groovy:40)
	at com.kms.katalon.core.webservice.keyword.WSBuiltInKeywords$sendRequest.call(Unknown Source)
	at 2. other-ins_feedback CFP.run(2. other-ins_feedback CFP:21)
	at com.kms.katalon.core.main.ScriptEngine.run(ScriptEngine.java:194)
	at com.kms.katalon.core.main.ScriptEngine.runScriptAsRawText(ScriptEngine.java:119)
	at com.kms.katalon.core.main.TestCaseExecutor.runScript(TestCaseExecutor.java:430)
	at com.kms.katalon.core.main.TestCaseExecutor.doExecute(TestCaseExecutor.java:421)
	at com.kms.katalon.core.main.TestCaseExecutor.processExecutionPhase(TestCaseExecutor.java:400)
	at com.kms.katalon.core.main.TestCaseExecutor.accessMainPhase(TestCaseExecutor.java:392)
	at com.kms.katalon.core.main.TestCaseExecutor.execute(TestCaseExecutor.java:273)
	at com.kms.katalon.core.main.TestSuiteExecutor.accessTestCaseMainPhase(TestSuiteExecutor.java:202)
	at com.kms.katalon.core.main.TestSuiteExecutor.accessTestSuiteMainPhase(TestSuiteExecutor.java:164)
	at com.kms.katalon.core.main.TestSuiteExecutor.execute(TestSuiteExecutor.java:105)
	at com.kms.katalon.core.main.TestCaseMain.startTestSuite(TestCaseMain.java:185)
	at com.kms.katalon.core.main.TestCaseMain$startTestSuite$0.call(Unknown Source)
	at TempTestSuite1657784935897.run(TempTestSuite1657784935897.groovy:36)
Caused by: java.net.UnknownHostException: api-dev.bcaf.id
	at org.apache.http.impl.conn.SystemDefaultDnsResolver.resolve(SystemDefaultDnsResolver.java:45)
	at org.apache.http.impl.conn.DefaultHttpClientConnectionOperator.connect(DefaultHttpClientConnectionOperator.java:111)
	at org.apache.http.impl.conn.PoolingHttpClientConnectionManager.connect(PoolingHttpClientConnectionManager.java:353)
	at org.apache.http.impl.execchain.MainClientExec.establishRoute(MainClientExec.java:380)
	at org.apache.http.impl.execchain.MainClientExec.execute(MainClientExec.java:236)
	at org.apache.http.impl.execchain.ProtocolExec.execute(ProtocolExec.java:184)
	at org.apache.http.impl.execchain.RetryExec.execute(RetryExec.java:88)
	at org.apache.http.impl.client.InternalHttpClient.doExecute(InternalHttpClient.java:184)
	at org.apache.http.impl.client.CloseableHttpClient.execute(CloseableHttpClient.java:82)
	at com.kms.katalon.core.webservice.common.HttpUtil.sendRequest(HttpUtil.java:126)
	at com.kms.katalon.core.webservice.common.BasicRequestor.send(BasicRequestor.java:58)
	at com.kms.katalon.core.webservice.helper.WebServiceCommonHelper.sendRequest(WebServiceCommonHelper.java:28)
	at com.kms.katalon.core.webservice.keyword.builtin.SendRequestKeyword$_sendRequest_closure1.doCall(SendRequestKeyword.groovy:42)
	at com.kms.katalon.core.webservice.keyword.builtin.SendRequestKeyword$_sendRequest_closure1.call(SendRequestKeyword.groovy)
	at com.kms.katalon.core.keyword.internal.KeywordMain.runKeyword(KeywordMain.groovy:74)
	at com.kms.katalon.core.webservice.keyword.builtin.SendRequestKeyword.sendRequest(SendRequestKeyword.groovy:38)
	at com.kms.katalon.core.webservice.keyword.builtin.SendRequestKeyword.execute(SendRequestKeyword.groovy:33)
	at com.kms.katalon.core.keyword.internal.KeywordExecutor.executeKeywordForPlatform(KeywordExecutor.groovy:74)
	at com.kms.katalon.core.webservice.keyword.WSBuiltInKeywords.sendRequest(WSBuiltInKeywords.groovy:40)
	at com.kms.katalon.core.webservice.keyword.WSBuiltInKeywords$sendRequest.call(Unknown Source)
	at Script1655187201701.run(Script1655187201701.groovy:21)
	... 13 more
)</message>
  <nestedLevel>1</nestedLevel>
  <escapedJava>false</escapedJava>
  <property name="failed.exception.class">java.net.UnknownHostException</property>
  <property name="failed.exception.stacktrace">java.net.UnknownHostException: api-dev.bcaf.id
	at org.apache.http.impl.conn.SystemDefaultDnsResolver.resolve(SystemDefaultDnsResolver.java:45)
	at org.apache.http.impl.conn.DefaultHttpClientConnectionOperator.connect(DefaultHttpClientConnectionOperator.java:111)
	at org.apache.http.impl.conn.PoolingHttpClientConnectionManager.connect(PoolingHttpClientConnectionManager.java:353)
	at org.apache.http.impl.execchain.MainClientExec.establishRoute(MainClientExec.java:380)
	at org.apache.http.impl.execchain.MainClientExec.execute(MainClientExec.java:236)
	at org.apache.http.impl.execchain.ProtocolExec.execute(ProtocolExec.java:184)
	at org.apache.http.impl.execchain.RetryExec.execute(RetryExec.java:88)
	at org.apache.http.impl.client.InternalHttpClient.doExecute(InternalHttpClient.java:184)
	at org.apache.http.impl.client.CloseableHttpClient.execute(CloseableHttpClient.java:82)
	at com.kms.katalon.core.webservice.common.HttpUtil.sendRequest(HttpUtil.java:126)
	at com.kms.katalon.core.webservice.common.BasicRequestor.send(BasicRequestor.java:58)
	at com.kms.katalon.core.webservice.helper.WebServiceCommonHelper.sendRequest(WebServiceCommonHelper.java:28)
	at com.kms.katalon.core.webservice.keyword.builtin.SendRequestKeyword$_sendRequest_closure1.doCall(SendRequestKeyword.groovy:42)
	at com.kms.katalon.core.webservice.keyword.builtin.SendRequestKeyword$_sendRequest_closure1.call(SendRequestKeyword.groovy)
	at com.kms.katalon.core.keyword.internal.KeywordMain.runKeyword(KeywordMain.groovy:74)
	at com.kms.katalon.core.webservice.keyword.builtin.SendRequestKeyword.sendRequest(SendRequestKeyword.groovy:38)
	at com.kms.katalon.core.webservice.keyword.builtin.SendRequestKeyword.execute(SendRequestKeyword.groovy:33)
	at com.kms.katalon.core.keyword.internal.KeywordExecutor.executeKeywordForPlatform(KeywordExecutor.groovy:74)
	at com.kms.katalon.core.webservice.keyword.WSBuiltInKeywords.sendRequest(WSBuiltInKeywords.groovy:40)
	at com.kms.katalon.core.webservice.keyword.WSBuiltInKeywords$sendRequest.call(Unknown Source)
	at 2. other-ins_feedback CFP.run(2. other-ins_feedback CFP:21)
	at com.kms.katalon.core.main.ScriptEngine.run(ScriptEngine.java:194)
	at com.kms.katalon.core.main.ScriptEngine.runScriptAsRawText(ScriptEngine.java:119)
	at com.kms.katalon.core.main.TestCaseExecutor.runScript(TestCaseExecutor.java:430)
	at com.kms.katalon.core.main.TestCaseExecutor.doExecute(TestCaseExecutor.java:421)
	at com.kms.katalon.core.main.TestCaseExecutor.processExecutionPhase(TestCaseExecutor.java:400)
	at com.kms.katalon.core.main.TestCaseExecutor.accessMainPhase(TestCaseExecutor.java:392)
	at com.kms.katalon.core.main.TestCaseExecutor.execute(TestCaseExecutor.java:273)
	at com.kms.katalon.core.main.TestSuiteExecutor.accessTestCaseMainPhase(TestSuiteExecutor.java:202)
	at com.kms.katalon.core.main.TestSuiteExecutor.accessTestSuiteMainPhase(TestSuiteExecutor.java:164)
	at com.kms.katalon.core.main.TestSuiteExecutor.execute(TestSuiteExecutor.java:105)
	at com.kms.katalon.core.main.TestCaseMain.startTestSuite(TestCaseMain.java:185)
	at com.kms.katalon.core.main.TestCaseMain$startTestSuite$0.call(Unknown Source)
	at TempTestSuite1657784935897.run(TempTestSuite1657784935897.groovy:36)
</property>
  <property name="failed.exception.message">api-dev.bcaf.id</property>
</record>
<record>
  <date>2022-07-14T14:49:20</date>
  <millis>1657784960919</millis>
  <sequence>24</sequence>
  <level>END</level>
  <class>com.kms.katalon.core.logging.XmlKeywordLogger</class>
  <method>endKeyword</method>
  <thread>1</thread>
  <message>End action : token = sendRequest(findTestObject(&amp;quot;CFP/credential CFP&amp;quot;))</message>
  <nestedLevel>1</nestedLevel>
  <escapedJava>false</escapedJava>
</record>
<record>
  <date>2022-07-14T14:49:20</date>
  <millis>1657784960921</millis>
  <sequence>28</sequence>
  <level>FAILED</level>
  <class>com.kms.katalon.core.logging.XmlKeywordLogger</class>
  <method>logMessage</method>
  <thread>1</thread>
  <message>Test Cases/CFP/2. other-ins_feedback CFP FAILED.
Reason:
com.kms.katalon.core.exception.StepFailedException: Unable to send request (Root cause: com.kms.katalon.core.webservice.exception.SendRequestException: java.net.UnknownHostException: api-dev.bcaf.id
	at com.kms.katalon.core.webservice.common.HttpUtil.sendRequest(HttpUtil.java:154)
	at com.kms.katalon.core.webservice.common.BasicRequestor.send(BasicRequestor.java:58)
	at com.kms.katalon.core.webservice.helper.WebServiceCommonHelper.sendRequest(WebServiceCommonHelper.java:28)
	at com.kms.katalon.core.webservice.keyword.builtin.SendRequestKeyword$_sendRequest_closure1.doCall(SendRequestKeyword.groovy:42)
	at com.kms.katalon.core.webservice.keyword.builtin.SendRequestKeyword$_sendRequest_closure1.call(SendRequestKeyword.groovy)
	at com.kms.katalon.core.keyword.internal.KeywordMain.runKeyword(KeywordMain.groovy:74)
	at com.kms.katalon.core.webservice.keyword.builtin.SendRequestKeyword.sendRequest(SendRequestKeyword.groovy:38)
	at com.kms.katalon.core.webservice.keyword.builtin.SendRequestKeyword.execute(SendRequestKeyword.groovy:33)
	at com.kms.katalon.core.keyword.internal.KeywordExecutor.executeKeywordForPlatform(KeywordExecutor.groovy:74)
	at com.kms.katalon.core.webservice.keyword.WSBuiltInKeywords.sendRequest(WSBuiltInKeywords.groovy:40)
	at com.kms.katalon.core.webservice.keyword.WSBuiltInKeywords$sendRequest.call(Unknown Source)
	at 2. other-ins_feedback CFP.run(2. other-ins_feedback CFP:21)
	at com.kms.katalon.core.main.ScriptEngine.run(ScriptEngine.java:194)
	at com.kms.katalon.core.main.ScriptEngine.runScriptAsRawText(ScriptEngine.java:119)
	at com.kms.katalon.core.main.TestCaseExecutor.runScript(TestCaseExecutor.java:430)
	at com.kms.katalon.core.main.TestCaseExecutor.doExecute(TestCaseExecutor.java:421)
	at com.kms.katalon.core.main.TestCaseExecutor.processExecutionPhase(TestCaseExecutor.java:400)
	at com.kms.katalon.core.main.TestCaseExecutor.accessMainPhase(TestCaseExecutor.java:392)
	at com.kms.katalon.core.main.TestCaseExecutor.execute(TestCaseExecutor.java:273)
	at com.kms.katalon.core.main.TestSuiteExecutor.accessTestCaseMainPhase(TestSuiteExecutor.java:202)
	at com.kms.katalon.core.main.TestSuiteExecutor.accessTestSuiteMainPhase(TestSuiteExecutor.java:164)
	at com.kms.katalon.core.main.TestSuiteExecutor.execute(TestSuiteExecutor.java:105)
	at com.kms.katalon.core.main.TestCaseMain.startTestSuite(TestCaseMain.java:185)
	at com.kms.katalon.core.main.TestCaseMain$startTestSuite$0.call(Unknown Source)
	at TempTestSuite1657784935897.run(TempTestSuite1657784935897.groovy:36)
Caused by: java.net.UnknownHostException: api-dev.bcaf.id
	at org.apache.http.impl.conn.SystemDefaultDnsResolver.resolve(SystemDefaultDnsResolver.java:45)
	at org.apache.http.impl.conn.DefaultHttpClientConnectionOperator.connect(DefaultHttpClientConnectionOperator.java:111)
	at org.apache.http.impl.conn.PoolingHttpClientConnectionManager.connect(PoolingHttpClientConnectionManager.java:353)
	at org.apache.http.impl.execchain.MainClientExec.establishRoute(MainClientExec.java:380)
	at org.apache.http.impl.execchain.MainClientExec.execute(MainClientExec.java:236)
	at org.apache.http.impl.execchain.ProtocolExec.execute(ProtocolExec.java:184)
	at org.apache.http.impl.execchain.RetryExec.execute(RetryExec.java:88)
	at org.apache.http.impl.client.InternalHttpClient.doExecute(InternalHttpClient.java:184)
	at org.apache.http.impl.client.CloseableHttpClient.execute(CloseableHttpClient.java:82)
	at com.kms.katalon.core.webservice.common.HttpUtil.sendRequest(HttpUtil.java:126)
	at com.kms.katalon.core.webservice.common.BasicRequestor.send(BasicRequestor.java:58)
	at com.kms.katalon.core.webservice.helper.WebServiceCommonHelper.sendRequest(WebServiceCommonHelper.java:28)
	at com.kms.katalon.core.webservice.keyword.builtin.SendRequestKeyword$_sendRequest_closure1.doCall(SendRequestKeyword.groovy:42)
	at com.kms.katalon.core.webservice.keyword.builtin.SendRequestKeyword$_sendRequest_closure1.call(SendRequestKeyword.groovy)
	at com.kms.katalon.core.keyword.internal.KeywordMain.runKeyword(KeywordMain.groovy:74)
	at com.kms.katalon.core.webservice.keyword.builtin.SendRequestKeyword.sendRequest(SendRequestKeyword.groovy:38)
	at com.kms.katalon.core.webservice.keyword.builtin.SendRequestKeyword.execute(SendRequestKeyword.groovy:33)
	at com.kms.katalon.core.keyword.internal.KeywordExecutor.executeKeywordForPlatform(KeywordExecutor.groovy:74)
	at com.kms.katalon.core.webservice.keyword.WSBuiltInKeywords.sendRequest(WSBuiltInKeywords.groovy:40)
	at com.kms.katalon.core.webservice.keyword.WSBuiltInKeywords$sendRequest.call(Unknown Source)
	at Script1655187201701.run(Script1655187201701.groovy:21)
	... 13 more
)
	at com.kms.katalon.core.keyword.internal.KeywordMain.stepFailed(KeywordMain.groovy:50)
	at com.kms.katalon.core.keyword.internal.KeywordMain.stepFailed(KeywordMain.groovy)
	at com.kms.katalon.core.keyword.internal.KeywordMain.runKeyword(KeywordMain.groovy:76)
	at com.kms.katalon.core.webservice.keyword.builtin.SendRequestKeyword.sendRequest(SendRequestKeyword.groovy:38)
	at com.kms.katalon.core.webservice.keyword.builtin.SendRequestKeyword.execute(SendRequestKeyword.groovy:33)
	at com.kms.katalon.core.keyword.internal.KeywordExecutor.executeKeywordForPlatform(KeywordExecutor.groovy:74)
	at com.kms.katalon.core.webservice.keyword.WSBuiltInKeywords.sendRequest(WSBuiltInKeywords.groovy:40)
	at com.kms.katalon.core.webservice.keyword.WSBuiltInKeywords$sendRequest.call(Unknown Source)
	at 2. other-ins_feedback CFP.run(2. other-ins_feedback CFP:21)
	at com.kms.katalon.core.main.ScriptEngine.run(ScriptEngine.java:194)
	at com.kms.katalon.core.main.ScriptEngine.runScriptAsRawText(ScriptEngine.java:119)
	at com.kms.katalon.core.main.TestCaseExecutor.runScript(TestCaseExecutor.java:430)
	at com.kms.katalon.core.main.TestCaseExecutor.doExecute(TestCaseExecutor.java:421)
	at com.kms.katalon.core.main.TestCaseExecutor.processExecutionPhase(TestCaseExecutor.java:400)
	at com.kms.katalon.core.main.TestCaseExecutor.accessMainPhase(TestCaseExecutor.java:392)
	at com.kms.katalon.core.main.TestCaseExecutor.execute(TestCaseExecutor.java:273)
	at com.kms.katalon.core.main.TestSuiteExecutor.accessTestCaseMainPhase(TestSuiteExecutor.java:202)
	at com.kms.katalon.core.main.TestSuiteExecutor.accessTestSuiteMainPhase(TestSuiteExecutor.java:164)
	at com.kms.katalon.core.main.TestSuiteExecutor.execute(TestSuiteExecutor.java:105)
	at com.kms.katalon.core.main.TestCaseMain.startTestSuite(TestCaseMain.java:185)
	at com.kms.katalon.core.main.TestCaseMain$startTestSuite$0.call(Unknown Source)
	at TempTestSuite1657784935897.run(TempTestSuite1657784935897.groovy:36)
Caused by: com.kms.katalon.core.webservice.exception.SendRequestException: java.net.UnknownHostException: api-dev.bcaf.id
	at com.kms.katalon.core.webservice.common.HttpUtil.sendRequest(HttpUtil.java:154)
	at com.kms.katalon.core.webservice.common.BasicRequestor.send(BasicRequestor.java:58)
	at com.kms.katalon.core.webservice.helper.WebServiceCommonHelper.sendRequest(WebServiceCommonHelper.java:28)
	at com.kms.katalon.core.webservice.keyword.builtin.SendRequestKeyword$_sendRequest_closure1.doCall(SendRequestKeyword.groovy:42)
	at com.kms.katalon.core.webservice.keyword.builtin.SendRequestKeyword$_sendRequest_closure1.call(SendRequestKeyword.groovy)
	at com.kms.katalon.core.keyword.internal.KeywordMain.runKeyword(KeywordMain.groovy:74)
	... 19 more
Caused by: java.net.UnknownHostException: api-dev.bcaf.id
	at org.apache.http.impl.conn.SystemDefaultDnsResolver.resolve(SystemDefaultDnsResolver.java:45)
	at org.apache.http.impl.conn.DefaultHttpClientConnectionOperator.connect(DefaultHttpClientConnectionOperator.java:111)
	at org.apache.http.impl.conn.PoolingHttpClientConnectionManager.connect(PoolingHttpClientConnectionManager.java:353)
	at org.apache.http.impl.execchain.MainClientExec.establishRoute(MainClientExec.java:380)
	at org.apache.http.impl.execchain.MainClientExec.execute(MainClientExec.java:236)
	at org.apache.http.impl.execchain.ProtocolExec.execute(ProtocolExec.java:184)
	at org.apache.http.impl.execchain.RetryExec.execute(RetryExec.java:88)
	at org.apache.http.impl.client.InternalHttpClient.doExecute(InternalHttpClient.java:184)
	at org.apache.http.impl.client.CloseableHttpClient.execute(CloseableHttpClient.java:82)
	at com.kms.katalon.core.webservice.common.HttpUtil.sendRequest(HttpUtil.java:126)
	... 24 more
</message>
  <exception>
    <message>com.kms.katalon.core.exception.StepFailedException: Unable to send request (Root cause: com.kms.katalon.core.webservice.exception.SendRequestException: java.net.UnknownHostException: api-dev.bcaf.id
	at com.kms.katalon.core.webservice.common.HttpUtil.sendRequest(HttpUtil.java:154)
	at com.kms.katalon.core.webservice.common.BasicRequestor.send(BasicRequestor.java:58)
	at com.kms.katalon.core.webservice.helper.WebServiceCommonHelper.sendRequest(WebServiceCommonHelper.java:28)
	at com.kms.katalon.core.webservice.keyword.builtin.SendRequestKeyword$_sendRequest_closure1.doCall(SendRequestKeyword.groovy:42)
	at com.kms.katalon.core.webservice.keyword.builtin.SendRequestKeyword$_sendRequest_closure1.call(SendRequestKeyword.groovy)
	at com.kms.katalon.core.keyword.internal.KeywordMain.runKeyword(KeywordMain.groovy:74)
	at com.kms.katalon.core.webservice.keyword.builtin.SendRequestKeyword.sendRequest(SendRequestKeyword.groovy:38)
	at com.kms.katalon.core.webservice.keyword.builtin.SendRequestKeyword.execute(SendRequestKeyword.groovy:33)
	at com.kms.katalon.core.keyword.internal.KeywordExecutor.executeKeywordForPlatform(KeywordExecutor.groovy:74)
	at com.kms.katalon.core.webservice.keyword.WSBuiltInKeywords.sendRequest(WSBuiltInKeywords.groovy:40)
	at com.kms.katalon.core.webservice.keyword.WSBuiltInKeywords$sendRequest.call(Unknown Source)
	at 2. other-ins_feedback CFP.run(2. other-ins_feedback CFP:21)
	at com.kms.katalon.core.main.ScriptEngine.run(ScriptEngine.java:194)
	at com.kms.katalon.core.main.ScriptEngine.runScriptAsRawText(ScriptEngine.java:119)
	at com.kms.katalon.core.main.TestCaseExecutor.runScript(TestCaseExecutor.java:430)
	at com.kms.katalon.core.main.TestCaseExecutor.doExecute(TestCaseExecutor.java:421)
	at com.kms.katalon.core.main.TestCaseExecutor.processExecutionPhase(TestCaseExecutor.java:400)
	at com.kms.katalon.core.main.TestCaseExecutor.accessMainPhase(TestCaseExecutor.java:392)
	at com.kms.katalon.core.main.TestCaseExecutor.execute(TestCaseExecutor.java:273)
	at com.kms.katalon.core.main.TestSuiteExecutor.accessTestCaseMainPhase(TestSuiteExecutor.java:202)
	at com.kms.katalon.core.main.TestSuiteExecutor.accessTestSuiteMainPhase(TestSuiteExecutor.java:164)
	at com.kms.katalon.core.main.TestSuiteExecutor.execute(TestSuiteExecutor.java:105)
	at com.kms.katalon.core.main.TestCaseMain.startTestSuite(TestCaseMain.java:185)
	at com.kms.katalon.core.main.TestCaseMain$startTestSuite$0.call(Unknown Source)
	at TempTestSuite1657784935897.run(TempTestSuite1657784935897.groovy:36)
Caused by: java.net.UnknownHostException: api-dev.bcaf.id
	at org.apache.http.impl.conn.SystemDefaultDnsResolver.resolve(SystemDefaultDnsResolver.java:45)
	at org.apache.http.impl.conn.DefaultHttpClientConnectionOperator.connect(DefaultHttpClientConnectionOperator.java:111)
	at org.apache.http.impl.conn.PoolingHttpClientConnectionManager.connect(PoolingHttpClientConnectionManager.java:353)
	at org.apache.http.impl.execchain.MainClientExec.establishRoute(MainClientExec.java:380)
	at org.apache.http.impl.execchain.MainClientExec.execute(MainClientExec.java:236)
	at org.apache.http.impl.execchain.ProtocolExec.execute(ProtocolExec.java:184)
	at org.apache.http.impl.execchain.RetryExec.execute(RetryExec.java:88)
	at org.apache.http.impl.client.InternalHttpClient.doExecute(InternalHttpClient.java:184)
	at org.apache.http.impl.client.CloseableHttpClient.execute(CloseableHttpClient.java:82)
	at com.kms.katalon.core.webservice.common.HttpUtil.sendRequest(HttpUtil.java:126)
	at com.kms.katalon.core.webservice.common.BasicRequestor.send(BasicRequestor.java:58)
	at com.kms.katalon.core.webservice.helper.WebServiceCommonHelper.sendRequest(WebServiceCommonHelper.java:28)
	at com.kms.katalon.core.webservice.keyword.builtin.SendRequestKeyword$_sendRequest_closure1.doCall(SendRequestKeyword.groovy:42)
	at com.kms.katalon.core.webservice.keyword.builtin.SendRequestKeyword$_sendRequest_closure1.call(SendRequestKeyword.groovy)
	at com.kms.katalon.core.keyword.internal.KeywordMain.runKeyword(KeywordMain.groovy:74)
	at com.kms.katalon.core.webservice.keyword.builtin.SendRequestKeyword.sendRequest(SendRequestKeyword.groovy:38)
	at com.kms.katalon.core.webservice.keyword.builtin.SendRequestKeyword.execute(SendRequestKeyword.groovy:33)
	at com.kms.katalon.core.keyword.internal.KeywordExecutor.executeKeywordForPlatform(KeywordExecutor.groovy:74)
	at com.kms.katalon.core.webservice.keyword.WSBuiltInKeywords.sendRequest(WSBuiltInKeywords.groovy:40)
	at com.kms.katalon.core.webservice.keyword.WSBuiltInKeywords$sendRequest.call(Unknown Source)
	at Script1655187201701.run(Script1655187201701.groovy:21)
	... 13 more
)</message>
    <frame>
      <class>com.kms.katalon.core.keyword.internal.KeywordMain</class>
      <method>stepFailed</method>
      <line>50</line>
    </frame>
    <frame>
      <class>com.kms.katalon.core.keyword.internal.KeywordMain</class>
      <method>stepFailed</method>
    </frame>
    <frame>
      <class>com.kms.katalon.core.keyword.internal.KeywordMain</class>
      <method>runKeyword</method>
      <line>76</line>
    </frame>
    <frame>
      <class>com.kms.katalon.core.webservice.keyword.builtin.SendRequestKeyword</class>
      <method>sendRequest</method>
      <line>38</line>
    </frame>
    <frame>
      <class>com.kms.katalon.core.webservice.keyword.builtin.SendRequestKeyword</class>
      <method>execute</method>
      <line>33</line>
    </frame>
    <frame>
      <class>com.kms.katalon.core.keyword.internal.KeywordExecutor</class>
      <method>executeKeywordForPlatform</method>
      <line>74</line>
    </frame>
    <frame>
      <class>com.kms.katalon.core.webservice.keyword.WSBuiltInKeywords</class>
      <method>sendRequest</method>
      <line>40</line>
    </frame>
    <frame>
      <class>com.kms.katalon.core.webservice.keyword.WSBuiltInKeywords$sendRequest</class>
      <method>call</method>
    </frame>
    <frame>
      <class>2. other-ins_feedback CFP</class>
      <method>run</method>
      <line>21</line>
    </frame>
    <frame>
      <class>com.kms.katalon.core.main.ScriptEngine</class>
      <method>run</method>
      <line>194</line>
    </frame>
    <frame>
      <class>com.kms.katalon.core.main.ScriptEngine</class>
      <method>runScriptAsRawText</method>
      <line>119</line>
    </frame>
    <frame>
      <class>com.kms.katalon.core.main.TestCaseExecutor</class>
      <method>runScript</method>
      <line>430</line>
    </frame>
    <frame>
      <class>com.kms.katalon.core.main.TestCaseExecutor</class>
      <method>doExecute</method>
      <line>421</line>
    </frame>
    <frame>
      <class>com.kms.katalon.core.main.TestCaseExecutor</class>
      <method>processExecutionPhase</method>
      <line>400</line>
    </frame>
    <frame>
      <class>com.kms.katalon.core.main.TestCaseExecutor</class>
      <method>accessMainPhase</method>
      <line>392</line>
    </frame>
    <frame>
      <class>com.kms.katalon.core.main.TestCaseExecutor</class>
      <method>execute</method>
      <line>273</line>
    </frame>
    <frame>
      <class>com.kms.katalon.core.main.TestSuiteExecutor</class>
      <method>accessTestCaseMainPhase</method>
      <line>202</line>
    </frame>
    <frame>
      <class>com.kms.katalon.core.main.TestSuiteExecutor</class>
      <method>accessTestSuiteMainPhase</method>
      <line>164</line>
    </frame>
    <frame>
      <class>com.kms.katalon.core.main.TestSuiteExecutor</class>
      <method>execute</method>
      <line>105</line>
    </frame>
    <frame>
      <class>com.kms.katalon.core.main.TestCaseMain</class>
      <method>startTestSuite</method>
      <line>185</line>
    </frame>
    <frame>
      <class>com.kms.katalon.core.main.TestCaseMain$startTestSuite$0</class>
      <method>call</method>
    </frame>
    <frame>
      <class>TempTestSuite1657784935897</class>
      <method>run</method>
      <line>36</line>
    </frame>
  </exception>
  <nestedLevel>0</nestedLevel>
  <escapedJava>false</escapedJava>
  <property name="failed.exception.stacktrace">java.net.UnknownHostException: api-dev.bcaf.id
	at org.apache.http.impl.conn.SystemDefaultDnsResolver.resolve(SystemDefaultDnsResolver.java:45)
	at org.apache.http.impl.conn.DefaultHttpClientConnectionOperator.connect(DefaultHttpClientConnectionOperator.java:111)
	at org.apache.http.impl.conn.PoolingHttpClientConnectionManager.connect(PoolingHttpClientConnectionManager.java:353)
	at org.apache.http.impl.execchain.MainClientExec.establishRoute(MainClientExec.java:380)
	at org.apache.http.impl.execchain.MainClientExec.execute(MainClientExec.java:236)
	at org.apache.http.impl.execchain.ProtocolExec.execute(ProtocolExec.java:184)
	at org.apache.http.impl.execchain.RetryExec.execute(RetryExec.java:88)
	at org.apache.http.impl.client.InternalHttpClient.doExecute(InternalHttpClient.java:184)
	at org.apache.http.impl.client.CloseableHttpClient.execute(CloseableHttpClient.java:82)
	at com.kms.katalon.core.webservice.common.HttpUtil.sendRequest(HttpUtil.java:126)
	at com.kms.katalon.core.webservice.common.BasicRequestor.send(BasicRequestor.java:58)
	at com.kms.katalon.core.webservice.helper.WebServiceCommonHelper.sendRequest(WebServiceCommonHelper.java:28)
	at com.kms.katalon.core.webservice.keyword.builtin.SendRequestKeyword$_sendRequest_closure1.doCall(SendRequestKeyword.groovy:42)
	at com.kms.katalon.core.webservice.keyword.builtin.SendRequestKeyword$_sendRequest_closure1.call(SendRequestKeyword.groovy)
	at com.kms.katalon.core.keyword.internal.KeywordMain.runKeyword(KeywordMain.groovy:74)
	at com.kms.katalon.core.webservice.keyword.builtin.SendRequestKeyword.sendRequest(SendRequestKeyword.groovy:38)
	at com.kms.katalon.core.webservice.keyword.builtin.SendRequestKeyword.execute(SendRequestKeyword.groovy:33)
	at com.kms.katalon.core.keyword.internal.KeywordExecutor.executeKeywordForPlatform(KeywordExecutor.groovy:74)
	at com.kms.katalon.core.webservice.keyword.WSBuiltInKeywords.sendRequest(WSBuiltInKeywords.groovy:40)
	at com.kms.katalon.core.webservice.keyword.WSBuiltInKeywords$sendRequest.call(Unknown Source)
	at 2. other-ins_feedback CFP.run(2. other-ins_feedback CFP:21)
	at com.kms.katalon.core.main.ScriptEngine.run(ScriptEngine.java:194)
	at com.kms.katalon.core.main.ScriptEngine.runScriptAsRawText(ScriptEngine.java:119)
	at com.kms.katalon.core.main.TestCaseExecutor.runScript(TestCaseExecutor.java:430)
	at com.kms.katalon.core.main.TestCaseExecutor.doExecute(TestCaseExecutor.java:421)
	at com.kms.katalon.core.main.TestCaseExecutor.processExecutionPhase(TestCaseExecutor.java:400)
	at com.kms.katalon.core.main.TestCaseExecutor.accessMainPhase(TestCaseExecutor.java:392)
	at com.kms.katalon.core.main.TestCaseExecutor.execute(TestCaseExecutor.java:273)
	at com.kms.katalon.core.main.TestSuiteExecutor.accessTestCaseMainPhase(TestSuiteExecutor.java:202)
	at com.kms.katalon.core.main.TestSuiteExecutor.accessTestSuiteMainPhase(TestSuiteExecutor.java:164)
	at com.kms.katalon.core.main.TestSuiteExecutor.execute(TestSuiteExecutor.java:105)
	at com.kms.katalon.core.main.TestCaseMain.startTestSuite(TestCaseMain.java:185)
	at com.kms.katalon.core.main.TestCaseMain$startTestSuite$0.call(Unknown Source)
	at TempTestSuite1657784935897.run(TempTestSuite1657784935897.groovy:36)
</property>
  <property name="failed.exception.class">java.net.UnknownHostException</property>
  <property name="failed.exception.message">api-dev.bcaf.id</property>
</record>
<record>
  <date>2022-07-14T14:49:20</date>
  <millis>1657784960929</millis>
  <sequence>30</sequence>
  <level>END</level>
  <class>com.kms.katalon.core.logging.XmlKeywordLogger</class>
  <method>endTest</method>
  <thread>1</thread>
  <message>End Test Case : Test Cases/CFP/2. other-ins_feedback CFP</message>
  <nestedLevel>0</nestedLevel>
  <escapedJava>false</escapedJava>
  <property name="remainingRetryCount">0</property>
  <property name="currentRetryCount">0</property>
  <property name="keywordsUsage">{
  &quot;web_ui&quot;: false,
  &quot;web_service&quot;: true,
  &quot;cucumber&quot;: false,
  &quot;builtin&quot;: false,
  &quot;mobile&quot;: false,
  &quot;windows&quot;: false,
  &quot;testng&quot;: false
}</property>
</record>
<record>
  <date>2022-07-14T14:49:21</date>
  <millis>1657784961065</millis>
  <sequence>31</sequence>
  <level>START</level>
  <class>com.kms.katalon.core.logging.XmlKeywordLogger</class>
  <method>startTest</method>
  <thread>1</thread>
  <message>Start Test Case : Test Cases/CFP/2. other-ins_feedback CFP</message>
  <nestedLevel>1</nestedLevel>
  <escapedJava>false</escapedJava>
  <property name="remainingRetryCount">0</property>
  <property name="name">Test Cases/CFP/2. other-ins_feedback CFP</property>
  <property name="description"></property>
  <property name="id">Test Cases/CFP/2. other-ins_feedback CFP</property>
  <property name="source">C:\Users\User\Katalon Studio\other-ins\Test Cases\CFP\2. other-ins_feedback CFP.tc</property>
  <property name="tag"></property>
  <property name="isOptional">false</property>
  <property name="currentRetryCount">0</property>
</record>
<record>
  <date>2022-07-14T14:49:21</date>
  <millis>1657784961106</millis>
  <sequence>33</sequence>
  <level>INFO</level>
  <class>com.kms.katalon.core.logging.XmlKeywordLogger</class>
  <method>logMessage</method>
  <thread>1</thread>
  <message>(Default) jenis = CFP</message>
  <nestedLevel>1</nestedLevel>
  <escapedJava>false</escapedJava>
</record>
<record>
  <date>2022-07-14T14:49:21</date>
  <millis>1657784961106</millis>
  <sequence>34</sequence>
  <level>INFO</level>
  <class>com.kms.katalon.core.logging.XmlKeywordLogger</class>
  <method>logMessage</method>
  <thread>1</thread>
  <message>id = mcl25</message>
  <nestedLevel>1</nestedLevel>
  <escapedJava>false</escapedJava>
</record>
<record>
  <date>2022-07-14T14:49:21</date>
  <millis>1657784961107</millis>
  <sequence>35</sequence>
  <level>INFO</level>
  <class>com.kms.katalon.core.logging.XmlKeywordLogger</class>
  <method>logMessage</method>
  <thread>1</thread>
  <message>accno = 9490712657001</message>
  <nestedLevel>1</nestedLevel>
  <escapedJava>false</escapedJava>
</record>
<record>
  <date>2022-07-14T14:49:21</date>
  <millis>1657784961107</millis>
  <sequence>36</sequence>
  <level>INFO</level>
  <class>com.kms.katalon.core.logging.XmlKeywordLogger</class>
  <method>logMessage</method>
  <thread>1</thread>
  <message>noimei = LAT-2</message>
  <nestedLevel>1</nestedLevel>
  <escapedJava>false</escapedJava>
</record>
<record>
  <date>2022-07-14T14:49:21</date>
  <millis>1657784961108</millis>
  <sequence>37</sequence>
  <level>INFO</level>
  <class>com.kms.katalon.core.logging.XmlKeywordLogger</class>
  <method>logMessage</method>
  <thread>1</thread>
  <message>nogsm = 0811145004</message>
  <nestedLevel>1</nestedLevel>
  <escapedJava>false</escapedJava>
</record>
<record>
  <date>2022-07-14T14:49:21</date>
  <millis>1657784961108</millis>
  <sequence>38</sequence>
  <level>INFO</level>
  <class>com.kms.katalon.core.logging.XmlKeywordLogger</class>
  <method>logMessage</method>
  <thread>1</thread>
  <message>no = 2</message>
  <nestedLevel>1</nestedLevel>
  <escapedJava>false</escapedJava>
</record>
<record>
  <date>2022-07-14T14:49:21</date>
  <millis>1657784961108</millis>
  <sequence>39</sequence>
  <level>INFO</level>
  <class>com.kms.katalon.core.logging.XmlKeywordLogger</class>
  <method>logMessage</method>
  <thread>1</thread>
  <message>norangka = xxxx</message>
  <nestedLevel>1</nestedLevel>
  <escapedJava>false</escapedJava>
</record>
<record>
  <date>2022-07-14T14:49:21</date>
  <millis>1657784961111</millis>
  <sequence>40</sequence>
  <level>START</level>
  <class>com.kms.katalon.core.logging.XmlKeywordLogger</class>
  <method>startKeyword</method>
  <thread>1</thread>
  <message>Start action : token = sendRequest(findTestObject(&amp;quot;CFP/credential CFP&amp;quot;))</message>
  <nestedLevel>1</nestedLevel>
  <escapedJava>false</escapedJava>
  <property name="startLine">21</property>
  <property name="stepIndex">1</property>
</record>
<record>
  <date>2022-07-14T14:49:21</date>
  <millis>1657784961241</millis>
  <sequence>46</sequence>
  <level>FAILED</level>
  <class>com.kms.katalon.core.logging.XmlKeywordLogger</class>
  <method>logMessage</method>
  <thread>1</thread>
  <message>Unable to send request (Root cause: com.kms.katalon.core.webservice.exception.SendRequestException: java.net.UnknownHostException: api-dev.bcaf.id
	at com.kms.katalon.core.webservice.common.HttpUtil.sendRequest(HttpUtil.java:154)
	at com.kms.katalon.core.webservice.common.BasicRequestor.send(BasicRequestor.java:58)
	at com.kms.katalon.core.webservice.helper.WebServiceCommonHelper.sendRequest(WebServiceCommonHelper.java:28)
	at com.kms.katalon.core.webservice.keyword.builtin.SendRequestKeyword$_sendRequest_closure1.doCall(SendRequestKeyword.groovy:42)
	at com.kms.katalon.core.webservice.keyword.builtin.SendRequestKeyword$_sendRequest_closure1.call(SendRequestKeyword.groovy)
	at com.kms.katalon.core.keyword.internal.KeywordMain.runKeyword(KeywordMain.groovy:74)
	at com.kms.katalon.core.webservice.keyword.builtin.SendRequestKeyword.sendRequest(SendRequestKeyword.groovy:38)
	at com.kms.katalon.core.webservice.keyword.builtin.SendRequestKeyword.execute(SendRequestKeyword.groovy:33)
	at com.kms.katalon.core.keyword.internal.KeywordExecutor.executeKeywordForPlatform(KeywordExecutor.groovy:74)
	at com.kms.katalon.core.webservice.keyword.WSBuiltInKeywords.sendRequest(WSBuiltInKeywords.groovy:40)
	at com.kms.katalon.core.webservice.keyword.WSBuiltInKeywords$sendRequest.call(Unknown Source)
	at 2. other-ins_feedback CFP.run(2. other-ins_feedback CFP:21)
	at com.kms.katalon.core.main.ScriptEngine.run(ScriptEngine.java:194)
	at com.kms.katalon.core.main.ScriptEngine.runScriptAsRawText(ScriptEngine.java:119)
	at com.kms.katalon.core.main.TestCaseExecutor.runScript(TestCaseExecutor.java:430)
	at com.kms.katalon.core.main.TestCaseExecutor.doExecute(TestCaseExecutor.java:421)
	at com.kms.katalon.core.main.TestCaseExecutor.processExecutionPhase(TestCaseExecutor.java:400)
	at com.kms.katalon.core.main.TestCaseExecutor.accessMainPhase(TestCaseExecutor.java:392)
	at com.kms.katalon.core.main.TestCaseExecutor.execute(TestCaseExecutor.java:273)
	at com.kms.katalon.core.main.TestSuiteExecutor.accessTestCaseMainPhase(TestSuiteExecutor.java:202)
	at com.kms.katalon.core.main.TestSuiteExecutor.accessTestSuiteMainPhase(TestSuiteExecutor.java:164)
	at com.kms.katalon.core.main.TestSuiteExecutor.execute(TestSuiteExecutor.java:105)
	at com.kms.katalon.core.main.TestCaseMain.startTestSuite(TestCaseMain.java:185)
	at com.kms.katalon.core.main.TestCaseMain$startTestSuite$0.call(Unknown Source)
	at TempTestSuite1657784935897.run(TempTestSuite1657784935897.groovy:36)
Caused by: java.net.UnknownHostException: api-dev.bcaf.id
	at org.apache.http.impl.conn.SystemDefaultDnsResolver.resolve(SystemDefaultDnsResolver.java:45)
	at org.apache.http.impl.conn.DefaultHttpClientConnectionOperator.connect(DefaultHttpClientConnectionOperator.java:111)
	at org.apache.http.impl.conn.PoolingHttpClientConnectionManager.connect(PoolingHttpClientConnectionManager.java:353)
	at org.apache.http.impl.execchain.MainClientExec.establishRoute(MainClientExec.java:380)
	at org.apache.http.impl.execchain.MainClientExec.execute(MainClientExec.java:236)
	at org.apache.http.impl.execchain.ProtocolExec.execute(ProtocolExec.java:184)
	at org.apache.http.impl.execchain.RetryExec.execute(RetryExec.java:88)
	at org.apache.http.impl.client.InternalHttpClient.doExecute(InternalHttpClient.java:184)
	at org.apache.http.impl.client.CloseableHttpClient.execute(CloseableHttpClient.java:82)
	at com.kms.katalon.core.webservice.common.HttpUtil.sendRequest(HttpUtil.java:126)
	at com.kms.katalon.core.webservice.common.BasicRequestor.send(BasicRequestor.java:58)
	at com.kms.katalon.core.webservice.helper.WebServiceCommonHelper.sendRequest(WebServiceCommonHelper.java:28)
	at com.kms.katalon.core.webservice.keyword.builtin.SendRequestKeyword$_sendRequest_closure1.doCall(SendRequestKeyword.groovy:42)
	at com.kms.katalon.core.webservice.keyword.builtin.SendRequestKeyword$_sendRequest_closure1.call(SendRequestKeyword.groovy)
	at com.kms.katalon.core.keyword.internal.KeywordMain.runKeyword(KeywordMain.groovy:74)
	at com.kms.katalon.core.webservice.keyword.builtin.SendRequestKeyword.sendRequest(SendRequestKeyword.groovy:38)
	at com.kms.katalon.core.webservice.keyword.builtin.SendRequestKeyword.execute(SendRequestKeyword.groovy:33)
	at com.kms.katalon.core.keyword.internal.KeywordExecutor.executeKeywordForPlatform(KeywordExecutor.groovy:74)
	at com.kms.katalon.core.webservice.keyword.WSBuiltInKeywords.sendRequest(WSBuiltInKeywords.groovy:40)
	at com.kms.katalon.core.webservice.keyword.WSBuiltInKeywords$sendRequest.call(Unknown Source)
	at Script1655187201701.run(Script1655187201701.groovy:21)
	... 13 more
)</message>
  <nestedLevel>1</nestedLevel>
  <escapedJava>false</escapedJava>
  <property name="failed.exception.class">java.net.UnknownHostException</property>
  <property name="failed.exception.stacktrace">java.net.UnknownHostException: api-dev.bcaf.id
	at org.apache.http.impl.conn.SystemDefaultDnsResolver.resolve(SystemDefaultDnsResolver.java:45)
	at org.apache.http.impl.conn.DefaultHttpClientConnectionOperator.connect(DefaultHttpClientConnectionOperator.java:111)
	at org.apache.http.impl.conn.PoolingHttpClientConnectionManager.connect(PoolingHttpClientConnectionManager.java:353)
	at org.apache.http.impl.execchain.MainClientExec.establishRoute(MainClientExec.java:380)
	at org.apache.http.impl.execchain.MainClientExec.execute(MainClientExec.java:236)
	at org.apache.http.impl.execchain.ProtocolExec.execute(ProtocolExec.java:184)
	at org.apache.http.impl.execchain.RetryExec.execute(RetryExec.java:88)
	at org.apache.http.impl.client.InternalHttpClient.doExecute(InternalHttpClient.java:184)
	at org.apache.http.impl.client.CloseableHttpClient.execute(CloseableHttpClient.java:82)
	at com.kms.katalon.core.webservice.common.HttpUtil.sendRequest(HttpUtil.java:126)
	at com.kms.katalon.core.webservice.common.BasicRequestor.send(BasicRequestor.java:58)
	at com.kms.katalon.core.webservice.helper.WebServiceCommonHelper.sendRequest(WebServiceCommonHelper.java:28)
	at com.kms.katalon.core.webservice.keyword.builtin.SendRequestKeyword$_sendRequest_closure1.doCall(SendRequestKeyword.groovy:42)
	at com.kms.katalon.core.webservice.keyword.builtin.SendRequestKeyword$_sendRequest_closure1.call(SendRequestKeyword.groovy)
	at com.kms.katalon.core.keyword.internal.KeywordMain.runKeyword(KeywordMain.groovy:74)
	at com.kms.katalon.core.webservice.keyword.builtin.SendRequestKeyword.sendRequest(SendRequestKeyword.groovy:38)
	at com.kms.katalon.core.webservice.keyword.builtin.SendRequestKeyword.execute(SendRequestKeyword.groovy:33)
	at com.kms.katalon.core.keyword.internal.KeywordExecutor.executeKeywordForPlatform(KeywordExecutor.groovy:74)
	at com.kms.katalon.core.webservice.keyword.WSBuiltInKeywords.sendRequest(WSBuiltInKeywords.groovy:40)
	at com.kms.katalon.core.webservice.keyword.WSBuiltInKeywords$sendRequest.call(Unknown Source)
	at 2. other-ins_feedback CFP.run(2. other-ins_feedback CFP:21)
	at com.kms.katalon.core.main.ScriptEngine.run(ScriptEngine.java:194)
	at com.kms.katalon.core.main.ScriptEngine.runScriptAsRawText(ScriptEngine.java:119)
	at com.kms.katalon.core.main.TestCaseExecutor.runScript(TestCaseExecutor.java:430)
	at com.kms.katalon.core.main.TestCaseExecutor.doExecute(TestCaseExecutor.java:421)
	at com.kms.katalon.core.main.TestCaseExecutor.processExecutionPhase(TestCaseExecutor.java:400)
	at com.kms.katalon.core.main.TestCaseExecutor.accessMainPhase(TestCaseExecutor.java:392)
	at com.kms.katalon.core.main.TestCaseExecutor.execute(TestCaseExecutor.java:273)
	at com.kms.katalon.core.main.TestSuiteExecutor.accessTestCaseMainPhase(TestSuiteExecutor.java:202)
	at com.kms.katalon.core.main.TestSuiteExecutor.accessTestSuiteMainPhase(TestSuiteExecutor.java:164)
	at com.kms.katalon.core.main.TestSuiteExecutor.execute(TestSuiteExecutor.java:105)
	at com.kms.katalon.core.main.TestCaseMain.startTestSuite(TestCaseMain.java:185)
	at com.kms.katalon.core.main.TestCaseMain$startTestSuite$0.call(Unknown Source)
	at TempTestSuite1657784935897.run(TempTestSuite1657784935897.groovy:36)
</property>
  <property name="failed.exception.message">api-dev.bcaf.id</property>
</record>
<record>
  <date>2022-07-14T14:49:21</date>
  <millis>1657784961243</millis>
  <sequence>50</sequence>
  <level>END</level>
  <class>com.kms.katalon.core.logging.XmlKeywordLogger</class>
  <method>endKeyword</method>
  <thread>1</thread>
  <message>End action : token = sendRequest(findTestObject(&amp;quot;CFP/credential CFP&amp;quot;))</message>
  <nestedLevel>1</nestedLevel>
  <escapedJava>false</escapedJava>
</record>
<record>
  <date>2022-07-14T14:49:21</date>
  <millis>1657784961245</millis>
  <sequence>54</sequence>
  <level>FAILED</level>
  <class>com.kms.katalon.core.logging.XmlKeywordLogger</class>
  <method>logMessage</method>
  <thread>1</thread>
  <message>Test Cases/CFP/2. other-ins_feedback CFP FAILED.
Reason:
com.kms.katalon.core.exception.StepFailedException: Unable to send request (Root cause: com.kms.katalon.core.webservice.exception.SendRequestException: java.net.UnknownHostException: api-dev.bcaf.id
	at com.kms.katalon.core.webservice.common.HttpUtil.sendRequest(HttpUtil.java:154)
	at com.kms.katalon.core.webservice.common.BasicRequestor.send(BasicRequestor.java:58)
	at com.kms.katalon.core.webservice.helper.WebServiceCommonHelper.sendRequest(WebServiceCommonHelper.java:28)
	at com.kms.katalon.core.webservice.keyword.builtin.SendRequestKeyword$_sendRequest_closure1.doCall(SendRequestKeyword.groovy:42)
	at com.kms.katalon.core.webservice.keyword.builtin.SendRequestKeyword$_sendRequest_closure1.call(SendRequestKeyword.groovy)
	at com.kms.katalon.core.keyword.internal.KeywordMain.runKeyword(KeywordMain.groovy:74)
	at com.kms.katalon.core.webservice.keyword.builtin.SendRequestKeyword.sendRequest(SendRequestKeyword.groovy:38)
	at com.kms.katalon.core.webservice.keyword.builtin.SendRequestKeyword.execute(SendRequestKeyword.groovy:33)
	at com.kms.katalon.core.keyword.internal.KeywordExecutor.executeKeywordForPlatform(KeywordExecutor.groovy:74)
	at com.kms.katalon.core.webservice.keyword.WSBuiltInKeywords.sendRequest(WSBuiltInKeywords.groovy:40)
	at com.kms.katalon.core.webservice.keyword.WSBuiltInKeywords$sendRequest.call(Unknown Source)
	at 2. other-ins_feedback CFP.run(2. other-ins_feedback CFP:21)
	at com.kms.katalon.core.main.ScriptEngine.run(ScriptEngine.java:194)
	at com.kms.katalon.core.main.ScriptEngine.runScriptAsRawText(ScriptEngine.java:119)
	at com.kms.katalon.core.main.TestCaseExecutor.runScript(TestCaseExecutor.java:430)
	at com.kms.katalon.core.main.TestCaseExecutor.doExecute(TestCaseExecutor.java:421)
	at com.kms.katalon.core.main.TestCaseExecutor.processExecutionPhase(TestCaseExecutor.java:400)
	at com.kms.katalon.core.main.TestCaseExecutor.accessMainPhase(TestCaseExecutor.java:392)
	at com.kms.katalon.core.main.TestCaseExecutor.execute(TestCaseExecutor.java:273)
	at com.kms.katalon.core.main.TestSuiteExecutor.accessTestCaseMainPhase(TestSuiteExecutor.java:202)
	at com.kms.katalon.core.main.TestSuiteExecutor.accessTestSuiteMainPhase(TestSuiteExecutor.java:164)
	at com.kms.katalon.core.main.TestSuiteExecutor.execute(TestSuiteExecutor.java:105)
	at com.kms.katalon.core.main.TestCaseMain.startTestSuite(TestCaseMain.java:185)
	at com.kms.katalon.core.main.TestCaseMain$startTestSuite$0.call(Unknown Source)
	at TempTestSuite1657784935897.run(TempTestSuite1657784935897.groovy:36)
Caused by: java.net.UnknownHostException: api-dev.bcaf.id
	at org.apache.http.impl.conn.SystemDefaultDnsResolver.resolve(SystemDefaultDnsResolver.java:45)
	at org.apache.http.impl.conn.DefaultHttpClientConnectionOperator.connect(DefaultHttpClientConnectionOperator.java:111)
	at org.apache.http.impl.conn.PoolingHttpClientConnectionManager.connect(PoolingHttpClientConnectionManager.java:353)
	at org.apache.http.impl.execchain.MainClientExec.establishRoute(MainClientExec.java:380)
	at org.apache.http.impl.execchain.MainClientExec.execute(MainClientExec.java:236)
	at org.apache.http.impl.execchain.ProtocolExec.execute(ProtocolExec.java:184)
	at org.apache.http.impl.execchain.RetryExec.execute(RetryExec.java:88)
	at org.apache.http.impl.client.InternalHttpClient.doExecute(InternalHttpClient.java:184)
	at org.apache.http.impl.client.CloseableHttpClient.execute(CloseableHttpClient.java:82)
	at com.kms.katalon.core.webservice.common.HttpUtil.sendRequest(HttpUtil.java:126)
	at com.kms.katalon.core.webservice.common.BasicRequestor.send(BasicRequestor.java:58)
	at com.kms.katalon.core.webservice.helper.WebServiceCommonHelper.sendRequest(WebServiceCommonHelper.java:28)
	at com.kms.katalon.core.webservice.keyword.builtin.SendRequestKeyword$_sendRequest_closure1.doCall(SendRequestKeyword.groovy:42)
	at com.kms.katalon.core.webservice.keyword.builtin.SendRequestKeyword$_sendRequest_closure1.call(SendRequestKeyword.groovy)
	at com.kms.katalon.core.keyword.internal.KeywordMain.runKeyword(KeywordMain.groovy:74)
	at com.kms.katalon.core.webservice.keyword.builtin.SendRequestKeyword.sendRequest(SendRequestKeyword.groovy:38)
	at com.kms.katalon.core.webservice.keyword.builtin.SendRequestKeyword.execute(SendRequestKeyword.groovy:33)
	at com.kms.katalon.core.keyword.internal.KeywordExecutor.executeKeywordForPlatform(KeywordExecutor.groovy:74)
	at com.kms.katalon.core.webservice.keyword.WSBuiltInKeywords.sendRequest(WSBuiltInKeywords.groovy:40)
	at com.kms.katalon.core.webservice.keyword.WSBuiltInKeywords$sendRequest.call(Unknown Source)
	at Script1655187201701.run(Script1655187201701.groovy:21)
	... 13 more
)
	at com.kms.katalon.core.keyword.internal.KeywordMain.stepFailed(KeywordMain.groovy:50)
	at com.kms.katalon.core.keyword.internal.KeywordMain.stepFailed(KeywordMain.groovy)
	at com.kms.katalon.core.keyword.internal.KeywordMain.runKeyword(KeywordMain.groovy:76)
	at com.kms.katalon.core.webservice.keyword.builtin.SendRequestKeyword.sendRequest(SendRequestKeyword.groovy:38)
	at com.kms.katalon.core.webservice.keyword.builtin.SendRequestKeyword.execute(SendRequestKeyword.groovy:33)
	at com.kms.katalon.core.keyword.internal.KeywordExecutor.executeKeywordForPlatform(KeywordExecutor.groovy:74)
	at com.kms.katalon.core.webservice.keyword.WSBuiltInKeywords.sendRequest(WSBuiltInKeywords.groovy:40)
	at com.kms.katalon.core.webservice.keyword.WSBuiltInKeywords$sendRequest.call(Unknown Source)
	at 2. other-ins_feedback CFP.run(2. other-ins_feedback CFP:21)
	at com.kms.katalon.core.main.ScriptEngine.run(ScriptEngine.java:194)
	at com.kms.katalon.core.main.ScriptEngine.runScriptAsRawText(ScriptEngine.java:119)
	at com.kms.katalon.core.main.TestCaseExecutor.runScript(TestCaseExecutor.java:430)
	at com.kms.katalon.core.main.TestCaseExecutor.doExecute(TestCaseExecutor.java:421)
	at com.kms.katalon.core.main.TestCaseExecutor.processExecutionPhase(TestCaseExecutor.java:400)
	at com.kms.katalon.core.main.TestCaseExecutor.accessMainPhase(TestCaseExecutor.java:392)
	at com.kms.katalon.core.main.TestCaseExecutor.execute(TestCaseExecutor.java:273)
	at com.kms.katalon.core.main.TestSuiteExecutor.accessTestCaseMainPhase(TestSuiteExecutor.java:202)
	at com.kms.katalon.core.main.TestSuiteExecutor.accessTestSuiteMainPhase(TestSuiteExecutor.java:164)
	at com.kms.katalon.core.main.TestSuiteExecutor.execute(TestSuiteExecutor.java:105)
	at com.kms.katalon.core.main.TestCaseMain.startTestSuite(TestCaseMain.java:185)
	at com.kms.katalon.core.main.TestCaseMain$startTestSuite$0.call(Unknown Source)
	at TempTestSuite1657784935897.run(TempTestSuite1657784935897.groovy:36)
Caused by: com.kms.katalon.core.webservice.exception.SendRequestException: java.net.UnknownHostException: api-dev.bcaf.id
	at com.kms.katalon.core.webservice.common.HttpUtil.sendRequest(HttpUtil.java:154)
	at com.kms.katalon.core.webservice.common.BasicRequestor.send(BasicRequestor.java:58)
	at com.kms.katalon.core.webservice.helper.WebServiceCommonHelper.sendRequest(WebServiceCommonHelper.java:28)
	at com.kms.katalon.core.webservice.keyword.builtin.SendRequestKeyword$_sendRequest_closure1.doCall(SendRequestKeyword.groovy:42)
	at com.kms.katalon.core.webservice.keyword.builtin.SendRequestKeyword$_sendRequest_closure1.call(SendRequestKeyword.groovy)
	at com.kms.katalon.core.keyword.internal.KeywordMain.runKeyword(KeywordMain.groovy:74)
	... 19 more
Caused by: java.net.UnknownHostException: api-dev.bcaf.id
	at org.apache.http.impl.conn.SystemDefaultDnsResolver.resolve(SystemDefaultDnsResolver.java:45)
	at org.apache.http.impl.conn.DefaultHttpClientConnectionOperator.connect(DefaultHttpClientConnectionOperator.java:111)
	at org.apache.http.impl.conn.PoolingHttpClientConnectionManager.connect(PoolingHttpClientConnectionManager.java:353)
	at org.apache.http.impl.execchain.MainClientExec.establishRoute(MainClientExec.java:380)
	at org.apache.http.impl.execchain.MainClientExec.execute(MainClientExec.java:236)
	at org.apache.http.impl.execchain.ProtocolExec.execute(ProtocolExec.java:184)
	at org.apache.http.impl.execchain.RetryExec.execute(RetryExec.java:88)
	at org.apache.http.impl.client.InternalHttpClient.doExecute(InternalHttpClient.java:184)
	at org.apache.http.impl.client.CloseableHttpClient.execute(CloseableHttpClient.java:82)
	at com.kms.katalon.core.webservice.common.HttpUtil.sendRequest(HttpUtil.java:126)
	... 24 more
</message>
  <exception>
    <message>com.kms.katalon.core.exception.StepFailedException: Unable to send request (Root cause: com.kms.katalon.core.webservice.exception.SendRequestException: java.net.UnknownHostException: api-dev.bcaf.id
	at com.kms.katalon.core.webservice.common.HttpUtil.sendRequest(HttpUtil.java:154)
	at com.kms.katalon.core.webservice.common.BasicRequestor.send(BasicRequestor.java:58)
	at com.kms.katalon.core.webservice.helper.WebServiceCommonHelper.sendRequest(WebServiceCommonHelper.java:28)
	at com.kms.katalon.core.webservice.keyword.builtin.SendRequestKeyword$_sendRequest_closure1.doCall(SendRequestKeyword.groovy:42)
	at com.kms.katalon.core.webservice.keyword.builtin.SendRequestKeyword$_sendRequest_closure1.call(SendRequestKeyword.groovy)
	at com.kms.katalon.core.keyword.internal.KeywordMain.runKeyword(KeywordMain.groovy:74)
	at com.kms.katalon.core.webservice.keyword.builtin.SendRequestKeyword.sendRequest(SendRequestKeyword.groovy:38)
	at com.kms.katalon.core.webservice.keyword.builtin.SendRequestKeyword.execute(SendRequestKeyword.groovy:33)
	at com.kms.katalon.core.keyword.internal.KeywordExecutor.executeKeywordForPlatform(KeywordExecutor.groovy:74)
	at com.kms.katalon.core.webservice.keyword.WSBuiltInKeywords.sendRequest(WSBuiltInKeywords.groovy:40)
	at com.kms.katalon.core.webservice.keyword.WSBuiltInKeywords$sendRequest.call(Unknown Source)
	at 2. other-ins_feedback CFP.run(2. other-ins_feedback CFP:21)
	at com.kms.katalon.core.main.ScriptEngine.run(ScriptEngine.java:194)
	at com.kms.katalon.core.main.ScriptEngine.runScriptAsRawText(ScriptEngine.java:119)
	at com.kms.katalon.core.main.TestCaseExecutor.runScript(TestCaseExecutor.java:430)
	at com.kms.katalon.core.main.TestCaseExecutor.doExecute(TestCaseExecutor.java:421)
	at com.kms.katalon.core.main.TestCaseExecutor.processExecutionPhase(TestCaseExecutor.java:400)
	at com.kms.katalon.core.main.TestCaseExecutor.accessMainPhase(TestCaseExecutor.java:392)
	at com.kms.katalon.core.main.TestCaseExecutor.execute(TestCaseExecutor.java:273)
	at com.kms.katalon.core.main.TestSuiteExecutor.accessTestCaseMainPhase(TestSuiteExecutor.java:202)
	at com.kms.katalon.core.main.TestSuiteExecutor.accessTestSuiteMainPhase(TestSuiteExecutor.java:164)
	at com.kms.katalon.core.main.TestSuiteExecutor.execute(TestSuiteExecutor.java:105)
	at com.kms.katalon.core.main.TestCaseMain.startTestSuite(TestCaseMain.java:185)
	at com.kms.katalon.core.main.TestCaseMain$startTestSuite$0.call(Unknown Source)
	at TempTestSuite1657784935897.run(TempTestSuite1657784935897.groovy:36)
Caused by: java.net.UnknownHostException: api-dev.bcaf.id
	at org.apache.http.impl.conn.SystemDefaultDnsResolver.resolve(SystemDefaultDnsResolver.java:45)
	at org.apache.http.impl.conn.DefaultHttpClientConnectionOperator.connect(DefaultHttpClientConnectionOperator.java:111)
	at org.apache.http.impl.conn.PoolingHttpClientConnectionManager.connect(PoolingHttpClientConnectionManager.java:353)
	at org.apache.http.impl.execchain.MainClientExec.establishRoute(MainClientExec.java:380)
	at org.apache.http.impl.execchain.MainClientExec.execute(MainClientExec.java:236)
	at org.apache.http.impl.execchain.ProtocolExec.execute(ProtocolExec.java:184)
	at org.apache.http.impl.execchain.RetryExec.execute(RetryExec.java:88)
	at org.apache.http.impl.client.InternalHttpClient.doExecute(InternalHttpClient.java:184)
	at org.apache.http.impl.client.CloseableHttpClient.execute(CloseableHttpClient.java:82)
	at com.kms.katalon.core.webservice.common.HttpUtil.sendRequest(HttpUtil.java:126)
	at com.kms.katalon.core.webservice.common.BasicRequestor.send(BasicRequestor.java:58)
	at com.kms.katalon.core.webservice.helper.WebServiceCommonHelper.sendRequest(WebServiceCommonHelper.java:28)
	at com.kms.katalon.core.webservice.keyword.builtin.SendRequestKeyword$_sendRequest_closure1.doCall(SendRequestKeyword.groovy:42)
	at com.kms.katalon.core.webservice.keyword.builtin.SendRequestKeyword$_sendRequest_closure1.call(SendRequestKeyword.groovy)
	at com.kms.katalon.core.keyword.internal.KeywordMain.runKeyword(KeywordMain.groovy:74)
	at com.kms.katalon.core.webservice.keyword.builtin.SendRequestKeyword.sendRequest(SendRequestKeyword.groovy:38)
	at com.kms.katalon.core.webservice.keyword.builtin.SendRequestKeyword.execute(SendRequestKeyword.groovy:33)
	at com.kms.katalon.core.keyword.internal.KeywordExecutor.executeKeywordForPlatform(KeywordExecutor.groovy:74)
	at com.kms.katalon.core.webservice.keyword.WSBuiltInKeywords.sendRequest(WSBuiltInKeywords.groovy:40)
	at com.kms.katalon.core.webservice.keyword.WSBuiltInKeywords$sendRequest.call(Unknown Source)
	at Script1655187201701.run(Script1655187201701.groovy:21)
	... 13 more
)</message>
    <frame>
      <class>com.kms.katalon.core.keyword.internal.KeywordMain</class>
      <method>stepFailed</method>
      <line>50</line>
    </frame>
    <frame>
      <class>com.kms.katalon.core.keyword.internal.KeywordMain</class>
      <method>stepFailed</method>
    </frame>
    <frame>
      <class>com.kms.katalon.core.keyword.internal.KeywordMain</class>
      <method>runKeyword</method>
      <line>76</line>
    </frame>
    <frame>
      <class>com.kms.katalon.core.webservice.keyword.builtin.SendRequestKeyword</class>
      <method>sendRequest</method>
      <line>38</line>
    </frame>
    <frame>
      <class>com.kms.katalon.core.webservice.keyword.builtin.SendRequestKeyword</class>
      <method>execute</method>
      <line>33</line>
    </frame>
    <frame>
      <class>com.kms.katalon.core.keyword.internal.KeywordExecutor</class>
      <method>executeKeywordForPlatform</method>
      <line>74</line>
    </frame>
    <frame>
      <class>com.kms.katalon.core.webservice.keyword.WSBuiltInKeywords</class>
      <method>sendRequest</method>
      <line>40</line>
    </frame>
    <frame>
      <class>com.kms.katalon.core.webservice.keyword.WSBuiltInKeywords$sendRequest</class>
      <method>call</method>
    </frame>
    <frame>
      <class>2. other-ins_feedback CFP</class>
      <method>run</method>
      <line>21</line>
    </frame>
    <frame>
      <class>com.kms.katalon.core.main.ScriptEngine</class>
      <method>run</method>
      <line>194</line>
    </frame>
    <frame>
      <class>com.kms.katalon.core.main.ScriptEngine</class>
      <method>runScriptAsRawText</method>
      <line>119</line>
    </frame>
    <frame>
      <class>com.kms.katalon.core.main.TestCaseExecutor</class>
      <method>runScript</method>
      <line>430</line>
    </frame>
    <frame>
      <class>com.kms.katalon.core.main.TestCaseExecutor</class>
      <method>doExecute</method>
      <line>421</line>
    </frame>
    <frame>
      <class>com.kms.katalon.core.main.TestCaseExecutor</class>
      <method>processExecutionPhase</method>
      <line>400</line>
    </frame>
    <frame>
      <class>com.kms.katalon.core.main.TestCaseExecutor</class>
      <method>accessMainPhase</method>
      <line>392</line>
    </frame>
    <frame>
      <class>com.kms.katalon.core.main.TestCaseExecutor</class>
      <method>execute</method>
      <line>273</line>
    </frame>
    <frame>
      <class>com.kms.katalon.core.main.TestSuiteExecutor</class>
      <method>accessTestCaseMainPhase</method>
      <line>202</line>
    </frame>
    <frame>
      <class>com.kms.katalon.core.main.TestSuiteExecutor</class>
      <method>accessTestSuiteMainPhase</method>
      <line>164</line>
    </frame>
    <frame>
      <class>com.kms.katalon.core.main.TestSuiteExecutor</class>
      <method>execute</method>
      <line>105</line>
    </frame>
    <frame>
      <class>com.kms.katalon.core.main.TestCaseMain</class>
      <method>startTestSuite</method>
      <line>185</line>
    </frame>
    <frame>
      <class>com.kms.katalon.core.main.TestCaseMain$startTestSuite$0</class>
      <method>call</method>
    </frame>
    <frame>
      <class>TempTestSuite1657784935897</class>
      <method>run</method>
      <line>36</line>
    </frame>
  </exception>
  <nestedLevel>0</nestedLevel>
  <escapedJava>false</escapedJava>
  <property name="failed.exception.stacktrace">java.net.UnknownHostException: api-dev.bcaf.id
	at org.apache.http.impl.conn.SystemDefaultDnsResolver.resolve(SystemDefaultDnsResolver.java:45)
	at org.apache.http.impl.conn.DefaultHttpClientConnectionOperator.connect(DefaultHttpClientConnectionOperator.java:111)
	at org.apache.http.impl.conn.PoolingHttpClientConnectionManager.connect(PoolingHttpClientConnectionManager.java:353)
	at org.apache.http.impl.execchain.MainClientExec.establishRoute(MainClientExec.java:380)
	at org.apache.http.impl.execchain.MainClientExec.execute(MainClientExec.java:236)
	at org.apache.http.impl.execchain.ProtocolExec.execute(ProtocolExec.java:184)
	at org.apache.http.impl.execchain.RetryExec.execute(RetryExec.java:88)
	at org.apache.http.impl.client.InternalHttpClient.doExecute(InternalHttpClient.java:184)
	at org.apache.http.impl.client.CloseableHttpClient.execute(CloseableHttpClient.java:82)
	at com.kms.katalon.core.webservice.common.HttpUtil.sendRequest(HttpUtil.java:126)
	at com.kms.katalon.core.webservice.common.BasicRequestor.send(BasicRequestor.java:58)
	at com.kms.katalon.core.webservice.helper.WebServiceCommonHelper.sendRequest(WebServiceCommonHelper.java:28)
	at com.kms.katalon.core.webservice.keyword.builtin.SendRequestKeyword$_sendRequest_closure1.doCall(SendRequestKeyword.groovy:42)
	at com.kms.katalon.core.webservice.keyword.builtin.SendRequestKeyword$_sendRequest_closure1.call(SendRequestKeyword.groovy)
	at com.kms.katalon.core.keyword.internal.KeywordMain.runKeyword(KeywordMain.groovy:74)
	at com.kms.katalon.core.webservice.keyword.builtin.SendRequestKeyword.sendRequest(SendRequestKeyword.groovy:38)
	at com.kms.katalon.core.webservice.keyword.builtin.SendRequestKeyword.execute(SendRequestKeyword.groovy:33)
	at com.kms.katalon.core.keyword.internal.KeywordExecutor.executeKeywordForPlatform(KeywordExecutor.groovy:74)
	at com.kms.katalon.core.webservice.keyword.WSBuiltInKeywords.sendRequest(WSBuiltInKeywords.groovy:40)
	at com.kms.katalon.core.webservice.keyword.WSBuiltInKeywords$sendRequest.call(Unknown Source)
	at 2. other-ins_feedback CFP.run(2. other-ins_feedback CFP:21)
	at com.kms.katalon.core.main.ScriptEngine.run(ScriptEngine.java:194)
	at com.kms.katalon.core.main.ScriptEngine.runScriptAsRawText(ScriptEngine.java:119)
	at com.kms.katalon.core.main.TestCaseExecutor.runScript(TestCaseExecutor.java:430)
	at com.kms.katalon.core.main.TestCaseExecutor.doExecute(TestCaseExecutor.java:421)
	at com.kms.katalon.core.main.TestCaseExecutor.processExecutionPhase(TestCaseExecutor.java:400)
	at com.kms.katalon.core.main.TestCaseExecutor.accessMainPhase(TestCaseExecutor.java:392)
	at com.kms.katalon.core.main.TestCaseExecutor.execute(TestCaseExecutor.java:273)
	at com.kms.katalon.core.main.TestSuiteExecutor.accessTestCaseMainPhase(TestSuiteExecutor.java:202)
	at com.kms.katalon.core.main.TestSuiteExecutor.accessTestSuiteMainPhase(TestSuiteExecutor.java:164)
	at com.kms.katalon.core.main.TestSuiteExecutor.execute(TestSuiteExecutor.java:105)
	at com.kms.katalon.core.main.TestCaseMain.startTestSuite(TestCaseMain.java:185)
	at com.kms.katalon.core.main.TestCaseMain$startTestSuite$0.call(Unknown Source)
	at TempTestSuite1657784935897.run(TempTestSuite1657784935897.groovy:36)
</property>
  <property name="failed.exception.class">java.net.UnknownHostException</property>
  <property name="failed.exception.message">api-dev.bcaf.id</property>
</record>
<record>
  <date>2022-07-14T14:49:21</date>
  <millis>1657784961251</millis>
  <sequence>56</sequence>
  <level>END</level>
  <class>com.kms.katalon.core.logging.XmlKeywordLogger</class>
  <method>endTest</method>
  <thread>1</thread>
  <message>End Test Case : Test Cases/CFP/2. other-ins_feedback CFP</message>
  <nestedLevel>0</nestedLevel>
  <escapedJava>false</escapedJava>
  <property name="remainingRetryCount">0</property>
  <property name="currentRetryCount">0</property>
  <property name="keywordsUsage">{
  &quot;web_ui&quot;: false,
  &quot;web_service&quot;: true,
  &quot;cucumber&quot;: false,
  &quot;builtin&quot;: false,
  &quot;mobile&quot;: false,
  &quot;windows&quot;: false,
  &quot;testng&quot;: false
}</property>
</record>
<record>
  <date>2022-07-14T14:49:21</date>
  <millis>1657784961251</millis>
  <sequence>57</sequence>
  <level>START</level>
  <class>com.kms.katalon.core.logging.XmlKeywordLogger</class>
  <method>startKeyword</method>
  <thread>1</thread>
  <message>Start listener action : exportKatalonReports</message>
  <nestedLevel>0</nestedLevel>
  <escapedJava>false</escapedJava>
</record>
<record>
  <date>2022-07-14T14:49:21</date>
  <millis>1657784961482</millis>
  <sequence>123</sequence>
  <level>INFO</level>
  <class>com.kms.katalon.core.logging.XmlKeywordLogger</class>
  <method>logMessage</method>
  <thread>1</thread>
  <message>Start generating HTML report folder at: C:\Users\User\Katalon Studio\other-ins\Reports\20220714_144854\CFP-feedback\20220714_144855...</message>
  <nestedLevel>0</nestedLevel>
  <escapedJava>false</escapedJava>
</record>
<record>
  <date>2022-07-14T14:49:21</date>
  <millis>1657784961516</millis>
  <sequence>124</sequence>
  <level>INFO</level>
  <class>com.kms.katalon.core.logging.XmlKeywordLogger</class>
  <method>logMessage</method>
  <thread>1</thread>
  <message>HTML report generated</message>
  <nestedLevel>0</nestedLevel>
  <escapedJava>false</escapedJava>
</record>
<record>
  <date>2022-07-14T14:49:21</date>
  <millis>1657784961517</millis>
  <sequence>125</sequence>
  <level>INFO</level>
  <class>com.kms.katalon.core.logging.XmlKeywordLogger</class>
  <method>logMessage</method>
  <thread>1</thread>
  <message>Start generating CSV report folder at: C:\Users\User\Katalon Studio\other-ins\Reports\20220714_144854\CFP-feedback\20220714_144855...</message>
  <nestedLevel>0</nestedLevel>
  <escapedJava>false</escapedJava>
</record>
<record>
  <date>2022-07-14T14:49:21</date>
  <millis>1657784961531</millis>
  <sequence>126</sequence>
  <level>INFO</level>
  <class>com.kms.katalon.core.logging.XmlKeywordLogger</class>
  <method>logMessage</method>
  <thread>1</thread>
  <message>CSV report generated</message>
  <nestedLevel>0</nestedLevel>
  <escapedJava>false</escapedJava>
</record>
<record>
  <date>2022-07-14T14:49:21</date>
  <millis>1657784961778</millis>
  <sequence>128</sequence>
  <level>END</level>
  <class>com.kms.katalon.core.logging.XmlKeywordLogger</class>
  <method>endKeyword</method>
  <thread>1</thread>
  <message>End listener action : exportKatalonReports</message>
  <nestedLevel>0</nestedLevel>
  <escapedJava>false</escapedJava>
</record>
<record>
  <date>2022-07-14T14:49:21</date>
  <millis>1657784961833</millis>
  <sequence>129</sequence>
  <level>END</level>
  <class>com.kms.katalon.core.logging.XmlKeywordLogger</class>
  <method>endSuite</method>
  <thread>1</thread>
  <message>End Test Suite : Test Suites/CFP-feedback</message>
  <nestedLevel>0</nestedLevel>
  <escapedJava>false</escapedJava>
</record>
</log>
